<?xml version="1.0" encoding="UTF-8"?>
<testsuite xmlns:xsi="http://www.w3.org/2001/XMLSchema-instance" xsi:noNamespaceSchemaLocation="https://maven.apache.org/surefire/maven-surefire-plugin/xsd/surefire-test-report.xsd" name="com.ncu.calc.calculator.AppTest" time="0.039" tests="1" errors="0" skipped="0" failures="1">
  <properties>
[...]
</properties>
  <testcase name="evaluateExpression" classname="com.ncu.calc.calculator.AppTest" time="0.007">
    <failure message="expected:&lt;11&gt; but was:&lt;10&gt;" type="java.lang.AssertionError"><![CDATA[java.lang.AssertionError: expected:<11> but was:<10>
	at com.ncu.calc.calculator.AppTest.evaluateExpression(AppTest.java:23)
]]></failure>
  </testcase>
</testsuite>